# JRE version: Java(TM) SE Runtime Environment (8.0_231-b11) (build 1.8.0_231-b11)
# Java VM: Java HotSpot(TM) 64-Bit Server VM (25.231-b11 mixed mode windows-amd64 compressed oops)
Heap:
 PSYoungGen      total 1248256K, used 25964K [0x000000076ba00000, 0x00000007bfb00000, 0x00000007c0000000)
  eden space 1122304K, 2% used [0x000000076ba00000,0x000000076d35b080,0x00000007b0200000)
  from space 125952K, 0% used [0x00000007b0200000,0x00000007b0200000,0x00000007b7d00000)
  to   space 120832K, 0% used [0x00000007b8500000,0x00000007b8500000,0x00000007bfb00000)
 ParOldGen       total 1047552K, used 601085K [0x00000006c2e00000, 0x0000000702d00000, 0x000000076ba00000)
  object space 1047552K, 57% used [0x00000006c2e00000,0x00000006e78ff650,0x0000000702d00000)
 Metaspace       used 34341K, capacity 35476K, committed 35712K, reserved 1081344K
  class space    used 4418K, capacity 4680K, committed 4736K, reserved 1048576K
GC Heap History (10 events):
Event: 52.894 GC heap before
{Heap before GC invocations=22 (full 4):
 PSYoungGen      total 1245184K, used 1137059K [0x000000076ba00000, 0x00000007c0000000, 0x00000007c0000000)
  eden space 1107968K, 100% used [0x000000076ba00000,0x00000007af400000,0x00000007af400000)
  from space 137216K, 21% used [0x00000007af400000,0x00000007b1068db8,0x00000007b7a00000)
  to   space 132096K, 0% used [0x00000007b7f00000,0x00000007b7f00000,0x00000007c0000000)
 ParOldGen       total 967680K, used 606649K [0x00000006c2e00000, 0x00000006fdf00000, 0x000000076ba00000)
  object space 967680K, 62% used [0x00000006c2e00000,0x00000006e7e6e458,0x00000006fdf00000)
 Metaspace       used 28644K, capacity 29610K, committed 29952K, reserved 1075200K
  class space    used 3800K, capacity 3985K, committed 4096K, reserved 1048576K
Event: 52.907 GC heap after
Heap after GC invocations=22 (full 4):
 PSYoungGen      total 1238016K, used 6089K [0x000000076ba00000, 0x00000007bf900000, 0x00000007c0000000)
  eden space 1113088K, 0% used [0x000000076ba00000,0x000000076ba00000,0x00000007af900000)
  from space 124928K, 4% used [0x00000007b7f00000,0x00000007b84f2550,0x00000007bf900000)
  to   space 131072K, 0% used [0x00000007af900000,0x00000007af900000,0x00000007b7900000)
 ParOldGen       total 967680K, used 606657K [0x00000006c2e00000, 0x00000006fdf00000, 0x000000076ba00000)
  object space 967680K, 62% used [0x00000006c2e00000,0x00000006e7e70458,0x00000006fdf00000)
 Metaspace       used 28644K, capacity 29610K, committed 29952K, reserved 1075200K
  class space    used 3800K, capacity 3985K, committed 4096K, reserved 1048576K
}
Event: 56.879 GC heap before
{Heap before GC invocations=23 (full 4):
 PSYoungGen      total 1238016K, used 1119177K [0x000000076ba00000, 0x00000007bf900000, 0x00000007c0000000)
  eden space 1113088K, 100% used [0x000000076ba00000,0x00000007af900000,0x00000007af900000)
  from space 124928K, 4% used [0x00000007b7f00000,0x00000007b84f2550,0x00000007bf900000)
  to   space 131072K, 0% used [0x00000007af900000,0x00000007af900000,0x00000007b7900000)
 ParOldGen       total 967680K, used 606657K [0x00000006c2e00000, 0x00000006fdf00000, 0x000000076ba00000)
  object space 967680K, 62% used [0x00000006c2e00000,0x00000006e7e70458,0x00000006fdf00000)
 Metaspace       used 28751K, capacity 29686K, committed 29952K, reserved 1075200K
  class space    used 3800K, capacity 3985K, committed 4096K, reserved 1048576K
Event: 56.889 GC heap after
Heap after GC invocations=23 (full 4):
 PSYoungGen      total 1244160K, used 6692K [0x000000076ba00000, 0x00000007c0000000, 0x00000007c0000000)
  eden space 1113088K, 0% used [0x000000076ba00000,0x000000076ba00000,0x00000007af900000)
  from space 131072K, 5% used [0x00000007af900000,0x00000007aff89118,0x00000007b7900000)
  to   space 129024K, 0% used [0x00000007b8200000,0x00000007b8200000,0x00000007c0000000)
 ParOldGen       total 967680K, used 606665K [0x00000006c2e00000, 0x00000006fdf00000, 0x000000076ba00000)
  object space 967680K, 62% used [0x00000006c2e00000,0x00000006e7e72458,0x00000006fdf00000)
 Metaspace       used 28751K, capacity 29686K, committed 29952K, reserved 1075200K
  class space    used 3800K, capacity 3985K, committed 4096K, reserved 1048576K
}
Event: 59.799 GC heap before
{Heap before GC invocations=24 (full 4):
 PSYoungGen      total 1244160K, used 1119780K [0x000000076ba00000, 0x00000007c0000000, 0x00000007c0000000)
  eden space 1113088K, 100% used [0x000000076ba00000,0x00000007af900000,0x00000007af900000)
  from space 131072K, 5% used [0x00000007af900000,0x00000007aff89118,0x00000007b7900000)
  to   space 129024K, 0% used [0x00000007b8200000,0x00000007b8200000,0x00000007c0000000)
 ParOldGen       total 967680K, used 606665K [0x00000006c2e00000, 0x00000006fdf00000, 0x000000076ba00000)
  object space 967680K, 62% used [0x00000006c2e00000,0x00000006e7e72458,0x00000006fdf00000)
 Metaspace       used 28830K, capacity 29826K, committed 29952K, reserved 1075200K
  class space    used 3801K, capacity 3987K, committed 4096K, reserved 1048576K
Event: 59.829 GC heap after
Heap after GC invocations=24 (full 4):
 PSYoungGen      total 1243136K, used 7899K [0x000000076ba00000, 0x00000007bf800000, 0x00000007c0000000)
  eden space 1122304K, 0% used [0x000000076ba00000,0x000000076ba00000,0x00000007b0200000)
  from space 120832K, 6% used [0x00000007b8200000,0x00000007b89b6d20,0x00000007bf800000)
  to   space 125952K, 0% used [0x00000007b0200000,0x00000007b0200000,0x00000007b7d00000)
 ParOldGen       total 967680K, used 606673K [0x00000006c2e00000, 0x00000006fdf00000, 0x000000076ba00000)
  object space 967680K, 62% used [0x00000006c2e00000,0x00000006e7e74458,0x00000006fdf00000)
 Metaspace       used 28830K, capacity 29826K, committed 29952K, reserved 1075200K
  class space    used 3801K, capacity 3987K, committed 4096K, reserved 1048576K
}
Event: 64.578 GC heap before
{Heap before GC invocations=25 (full 4):
 PSYoungGen      total 1243136K, used 1103275K [0x000000076ba00000, 0x00000007bf800000, 0x00000007c0000000)
  eden space 1122304K, 97% used [0x000000076ba00000,0x00000007ae7b3fd0,0x00000007b0200000)
  from space 120832K, 6% used [0x00000007b8200000,0x00000007b89b6d20,0x00000007bf800000)
  to   space 125952K, 0% used [0x00000007b0200000,0x00000007b0200000,0x00000007b7d00000)
 ParOldGen       total 967680K, used 606673K [0x00000006c2e00000, 0x00000006fdf00000, 0x000000076ba00000)
  object space 967680K, 62% used [0x00000006c2e00000,0x00000006e7e74458,0x00000006fdf00000)
 Metaspace       used 34225K, capacity 35342K, committed 35456K, reserved 1079296K
  class space    used 4415K, capacity 4678K, committed 4736K, reserved 1048576K
Event: 64.618 GC heap after
Heap after GC invocations=25 (full 4):
 PSYoungGen      total 1248256K, used 16560K [0x000000076ba00000, 0x00000007bfb00000, 0x00000007c0000000)
  eden space 1122304K, 0% used [0x000000076ba00000,0x000000076ba00000,0x00000007b0200000)
  from space 125952K, 13% used [0x00000007b0200000,0x00000007b122c0b8,0x00000007b7d00000)
  to   space 120832K, 0% used [0x00000007b8500000,0x00000007b8500000,0x00000007bfb00000)
 ParOldGen       total 967680K, used 606681K [0x00000006c2e00000, 0x00000006fdf00000, 0x000000076ba00000)
  object space 967680K, 62% used [0x00000006c2e00000,0x00000006e7e76458,0x00000006fdf00000)
 Metaspace       used 34225K, capacity 35342K, committed 35456K, reserved 1079296K
  class space    used 4415K, capacity 4678K, committed 4736K, reserved 1048576K
}
Event: 64.618 GC heap before
{Heap before GC invocations=26 (full 5):
 PSYoungGen      total 1248256K, used 16560K [0x000000076ba00000, 0x00000007bfb00000, 0x00000007c0000000)
  eden space 1122304K, 0% used [0x000000076ba00000,0x000000076ba00000,0x00000007b0200000)
  from space 125952K, 13% used [0x00000007b0200000,0x00000007b122c0b8,0x00000007b7d00000)
  to   space 120832K, 0% used [0x00000007b8500000,0x00000007b8500000,0x00000007bfb00000)
 ParOldGen       total 967680K, used 606681K [0x00000006c2e00000, 0x00000006fdf00000, 0x000000076ba00000)
  object space 967680K, 62% used [0x00000006c2e00000,0x00000006e7e76458,0x00000006fdf00000)
 Metaspace       used 34225K, capacity 35342K, committed 35456K, reserved 1079296K
  class space    used 4415K, capacity 4678K, committed 4736K, reserved 1048576K
Event: 64.869 GC heap after
Heap after GC invocations=26 (full 5):
 PSYoungGen      total 1248256K, used 0K [0x000000076ba00000, 0x00000007bfb00000, 0x00000007c0000000)
  eden space 1122304K, 0% used [0x000000076ba00000,0x000000076ba00000,0x00000007b0200000)
  from space 125952K, 0% used [0x00000007b0200000,0x00000007b0200000,0x00000007b7d00000)
  to   space 120832K, 0% used [0x00000007b8500000,0x00000007b8500000,0x00000007bfb00000)
 ParOldGen       total 1047552K, used 601085K [0x00000006c2e00000, 0x0000000702d00000, 0x000000076ba00000)
  object space 1047552K, 57% used [0x00000006c2e00000,0x00000006e78ff650,0x0000000702d00000)
 Metaspace       used 34225K, capacity 35342K, committed 35456K, reserved 1079296K
  class space    used 4415K, capacity 4678K, committed 4736K, reserved 1048576K
}

